<?xml version="1.0" encoding="UTF-8"?>
<!-- Generated by org.testng.reporters.JUnitXMLReporter -->
<testsuite ignored="0" hostname="Jeet-Sunil" failures="0" tests="7" name="Default test" time="1.795" errors="0" timestamp="2023-07-12T16:06:53 IST">
  <testcase classname="pgh.hms.generic.genericUtility.BaseClass" name="@BeforeClass setUpBrowser" time="0.824">
    <failure type="java.lang.IllegalStateException" message="The path to the driver executable Unable to locate the geckodriver executable; for more information on how to install drivers, see https://www.selenium.dev/documentation/webdriver/getting_started/install_drivers/">
      <![CDATA[java.lang.IllegalStateException: The path to the driver executable Unable to locate the geckodriver executable; for more information on how to install drivers, see https://www.selenium.dev/documentation/webdriver/getting_started/install_drivers/
at org.openqa.selenium.internal.Require$StateChecker.nonNull(Require.java:314)
at org.openqa.selenium.remote.service.DriverFinder.getPath(DriverFinder.java:33)
at org.openqa.selenium.firefox.FirefoxDriver.generateExecutor(FirefoxDriver.java:139)
at org.openqa.selenium.firefox.FirefoxDriver.<init>(FirefoxDriver.java:131)
at org.openqa.selenium.firefox.FirefoxDriver.<init>(FirefoxDriver.java:127)
at org.openqa.selenium.firefox.FirefoxDriver.<init>(FirefoxDriver.java:112)
at org.openqa.selenium.firefox.FirefoxDriver.<init>(FirefoxDriver.java:102)
at pgh.hms.generic.genericUtility.BaseClass.setUpBrowser(BaseClass.java:62)
at java.base/jdk.internal.reflect.NativeMethodAccessorImpl.invoke0(Native Method)
at java.base/jdk.internal.reflect.NativeMethodAccessorImpl.invoke(NativeMethodAccessorImpl.java:77)
at java.base/jdk.internal.reflect.DelegatingMethodAccessorImpl.invoke(DelegatingMethodAccessorImpl.java:43)
at java.base/java.lang.reflect.Method.invoke(Method.java:568)
at org.testng.internal.invokers.MethodInvocationHelper.invokeMethod(MethodInvocationHelper.java:139)
at org.testng.internal.invokers.MethodInvocationHelper.invokeMethodConsideringTimeout(MethodInvocationHelper.java:69)
at org.testng.internal.invokers.ConfigInvoker.invokeConfigurationMethod(ConfigInvoker.java:361)
at org.testng.internal.invokers.ConfigInvoker.invokeConfigurations(ConfigInvoker.java:296)
at org.testng.internal.invokers.TestMethodWorker.invokeBeforeClassMethods(TestMethodWorker.java:180)
at org.testng.internal.invokers.TestMethodWorker.run(TestMethodWorker.java:122)
at java.base/java.util.ArrayList.forEach(ArrayList.java:1511)
at org.testng.TestRunner.privateRun(TestRunner.java:829)
at org.testng.TestRunner.run(TestRunner.java:602)
at org.testng.SuiteRunner.runTest(SuiteRunner.java:437)
at org.testng.SuiteRunner.runSequentially(SuiteRunner.java:431)
at org.testng.SuiteRunner.privateRun(SuiteRunner.java:391)
at org.testng.SuiteRunner.run(SuiteRunner.java:330)
at org.testng.SuiteRunnerWorker.runSuite(SuiteRunnerWorker.java:52)
at org.testng.SuiteRunnerWorker.run(SuiteRunnerWorker.java:95)
at org.testng.TestNG.runSuitesSequentially(TestNG.java:1256)
at org.testng.TestNG.runSuitesLocally(TestNG.java:1176)
at org.testng.TestNG.runSuites(TestNG.java:1099)
at org.testng.TestNG.run(TestNG.java:1067)
at org.testng.remote.AbstractRemoteTestNG.run(AbstractRemoteTestNG.java:115)
at org.testng.remote.RemoteTestNG.initAndRun(RemoteTestNG.java:251)
at org.testng.remote.RemoteTestNG.main(RemoteTestNG.java:77)
]]>
    </failure>
  </testcase> <!-- @BeforeClass setUpBrowser -->
  <testcase classname="pgh.hms.generic.genericUtility.BaseClass" name="@BeforeMethod loginToApplicationAsAdmin" time="0.0">
    <skipped/>
  </testcase> <!-- @BeforeMethod loginToApplicationAsAdmin -->
  <testcase classname="pgh.hms.generic.genericUtility.BaseClass" name="@AfterMethod logoutToApplication" time="0.0">
    <skipped/>
  </testcase> <!-- @AfterMethod logoutToApplication -->
  <testcase classname="pgh.hms.generic.genericUtility.BaseClass" name="@BeforeMethod loginToApplicationAsAdmin" time="0.0">
    <skipped/>
  </testcase> <!-- @BeforeMethod loginToApplicationAsAdmin -->
  <testcase classname="pgh.hms.generic.genericUtility.BaseClass" name="@AfterMethod logoutToApplication" time="0.0">
    <skipped/>
  </testcase> <!-- @AfterMethod logoutToApplication -->
  <testcase classname="pgh.hms.generic.genericUtility.BaseClass" name="@BeforeMethod loginToApplicationAsAdmin" time="0.0">
    <skipped/>
  </testcase> <!-- @BeforeMethod loginToApplicationAsAdmin -->
  <testcase classname="pgh.hms.generic.genericUtility.BaseClass" name="@AfterMethod logoutToApplication" time="0.0">
    <skipped/>
  </testcase> <!-- @AfterMethod logoutToApplication -->
  <testcase classname="pgh.hms.generic.genericUtility.BaseClass" name="@BeforeMethod loginToApplicationAsAdmin" time="0.0">
    <skipped/>
  </testcase> <!-- @BeforeMethod loginToApplicationAsAdmin -->
  <testcase classname="pgh.hms.generic.genericUtility.BaseClass" name="@AfterMethod logoutToApplication" time="0.0">
    <skipped/>
  </testcase> <!-- @AfterMethod logoutToApplication -->
  <testcase classname="pgh.hms.generic.genericUtility.BaseClass" name="@BeforeMethod loginToApplicationAsAdmin" time="0.0">
    <skipped/>
  </testcase> <!-- @BeforeMethod loginToApplicationAsAdmin -->
  <testcase classname="pgh.hms.generic.genericUtility.BaseClass" name="@AfterMethod logoutToApplication" time="0.0">
    <skipped/>
  </testcase> <!-- @AfterMethod logoutToApplication -->
  <testcase classname="pgh.hms.generic.genericUtility.BaseClass" name="@BeforeMethod loginToApplicationAsAdmin" time="0.0">
    <skipped/>
  </testcase> <!-- @BeforeMethod loginToApplicationAsAdmin -->
  <testcase classname="pgh.hms.generic.genericUtility.BaseClass" name="@AfterMethod logoutToApplication" time="0.0">
    <skipped/>
  </testcase> <!-- @AfterMethod logoutToApplication -->
  <testcase classname="pgh.hms.generic.genericUtility.BaseClass" name="@BeforeMethod loginToApplicationAsAdmin" time="0.0">
    <skipped/>
  </testcase> <!-- @BeforeMethod loginToApplicationAsAdmin -->
  <testcase classname="pgh.hms.generic.genericUtility.BaseClass" name="@AfterMethod logoutToApplication" time="0.0">
    <skipped/>
  </testcase> <!-- @AfterMethod logoutToApplication -->
  <testcase classname="pgs.hms.testScripts.AddingDoctorTest" name="addingDoctorsAndSearchPatientsTest" time="0.0">
    <skipped/>
  </testcase> <!-- addingDoctorsAndSearchPatientsTest -->
  <testcase classname="pgs.hms.testScripts.AddingDoctorTest" name="addingDoctorsAndSearchPatientsTest" time="0.0">
    <skipped/>
  </testcase> <!-- addingDoctorsAndSearchPatientsTest -->
  <testcase classname="pgs.hms.testScripts.AddingDoctorTest" name="addingDoctorsAndSearchPatientsTest" time="0.0">
    <skipped/>
  </testcase> <!-- addingDoctorsAndSearchPatientsTest -->
  <testcase classname="pgs.hms.testScripts.AddingDoctorTest" name="addingDoctorsAndSearchPatientsTest" time="0.0">
    <skipped/>
  </testcase> <!-- addingDoctorsAndSearchPatientsTest -->
  <testcase classname="pgs.hms.testScripts.AddingDoctorTest" name="addingDoctorsAndSearchPatientsTest" time="0.001">
    <skipped/>
  </testcase> <!-- addingDoctorsAndSearchPatientsTest -->
  <testcase classname="pgs.hms.testScripts.AddingDoctorTest" name="addingDoctorsAndSearchPatientsTest" time="0.0">
    <skipped/>
  </testcase> <!-- addingDoctorsAndSearchPatientsTest -->
  <testcase classname="pgs.hms.testScripts.AddingDoctorTest" name="addingDoctorsAndSearchPatientsTest" time="0.0">
    <skipped/>
  </testcase> <!-- addingDoctorsAndSearchPatientsTest -->
</testsuite> <!-- Default test -->
