<?xml version="1.0" encoding="UTF-8"?>
<!-- Generated by org.testng.reporters.JUnitXMLReporter -->
<testsuite ignored="2" hostname="Jeet-Sunil" failures="0" tests="8" name="Test" time="1.827" errors="0" timestamp="2023-07-11T14:40:33 IST">
  <testcase classname="pgh.hms.generic.genericUtility.BaseClass" name="@BeforeClass setUpBrowser" time="0.518">
    <failure type="java.lang.IllegalStateException" message="The path to the driver executable Unable to locate the geckodriver executable; for more information on how to install drivers, see https://www.selenium.dev/documentation/webdriver/getting_started/install_drivers/">
      <![CDATA[java.lang.IllegalStateException: The path to the driver executable Unable to locate the geckodriver executable; for more information on how to install drivers, see https://www.selenium.dev/documentation/webdriver/getting_started/install_drivers/
at org.openqa.selenium.internal.Require$StateChecker.nonNull(Require.java:314)
at org.openqa.selenium.remote.service.DriverFinder.getPath(DriverFinder.java:33)
at org.openqa.selenium.firefox.FirefoxDriver.generateExecutor(FirefoxDriver.java:139)
at org.openqa.selenium.firefox.FirefoxDriver.<init>(FirefoxDriver.java:131)
at org.openqa.selenium.firefox.FirefoxDriver.<init>(FirefoxDriver.java:127)
at org.openqa.selenium.firefox.FirefoxDriver.<init>(FirefoxDriver.java:112)
at org.openqa.selenium.firefox.FirefoxDriver.<init>(FirefoxDriver.java:102)
at pgh.hms.generic.genericUtility.BaseClass.setUpBrowser(BaseClass.java:60)
at java.base/java.util.ArrayList.forEach(ArrayList.java:1511)
... Removed 25 stack frames]]>
    </failure>
  </testcase> <!-- @BeforeClass setUpBrowser -->
  <testcase classname="pgh.hms.generic.genericUtility.BaseClass" name="@BeforeMethod loginToApplicationAsAdmin" time="0.0">
    <skipped/>
  </testcase> <!-- @BeforeMethod loginToApplicationAsAdmin -->
  <testcase classname="pgh.hms.generic.genericUtility.BaseClass" name="@AfterMethod logoutToApplication" time="0.0">
    <skipped/>
  </testcase> <!-- @AfterMethod logoutToApplication -->
  <testcase classname="pgh.hms.generic.genericUtility.BaseClass" name="@BeforeMethod loginToApplicationAsAdmin" time="0.0">
    <skipped/>
  </testcase> <!-- @BeforeMethod loginToApplicationAsAdmin -->
  <testcase classname="pgh.hms.generic.genericUtility.BaseClass" name="@AfterMethod logoutToApplication" time="0.0">
    <skipped/>
  </testcase> <!-- @AfterMethod logoutToApplication -->
  <testcase classname="pgh.hms.generic.genericUtility.BaseClass" name="@BeforeMethod loginToApplicationAsAdmin" time="0.0">
    <skipped/>
  </testcase> <!-- @BeforeMethod loginToApplicationAsAdmin -->
  <testcase classname="pgh.hms.generic.genericUtility.BaseClass" name="@AfterMethod logoutToApplication" time="0.0">
    <skipped/>
  </testcase> <!-- @AfterMethod logoutToApplication -->
  <testcase classname="pgh.hms.generic.genericUtility.BaseClass" name="@BeforeMethod loginToApplicationAsAdmin" time="0.0">
    <skipped/>
  </testcase> <!-- @BeforeMethod loginToApplicationAsAdmin -->
  <testcase classname="pgh.hms.generic.genericUtility.BaseClass" name="@AfterMethod logoutToApplication" time="0.0">
    <skipped/>
  </testcase> <!-- @AfterMethod logoutToApplication -->
  <testcase classname="pgh.hms.generic.genericUtility.BaseClass" name="@BeforeMethod loginToApplicationAsAdmin" time="0.0">
    <skipped/>
  </testcase> <!-- @BeforeMethod loginToApplicationAsAdmin -->
  <testcase classname="pgh.hms.generic.genericUtility.BaseClass" name="@AfterMethod logoutToApplication" time="0.0">
    <skipped/>
  </testcase> <!-- @AfterMethod logoutToApplication -->
  <testcase classname="pgh.hms.generic.genericUtility.BaseClass" name="@BeforeMethod loginToApplicationAsAdmin" time="0.0">
    <skipped/>
  </testcase> <!-- @BeforeMethod loginToApplicationAsAdmin -->
  <testcase classname="pgh.hms.generic.genericUtility.BaseClass" name="@AfterMethod logoutToApplication" time="0.0">
    <skipped/>
  </testcase> <!-- @AfterMethod logoutToApplication -->
  <testcase classname="pgh.hms.generic.genericUtility.BaseClass" name="@BeforeMethod loginToApplicationAsAdmin" time="0.0">
    <skipped/>
  </testcase> <!-- @BeforeMethod loginToApplicationAsAdmin -->
  <testcase classname="pgh.hms.generic.genericUtility.BaseClass" name="@AfterMethod logoutToApplication" time="0.0">
    <skipped/>
  </testcase> <!-- @AfterMethod logoutToApplication -->
  <testcase classname="pgh.hms.generic.genericUtility.BaseClass" name="@BeforeClass setUpBrowser" time="0.276">
    <failure type="java.lang.IllegalStateException" message="The path to the driver executable Unable to locate the geckodriver executable; for more information on how to install drivers, see https://www.selenium.dev/documentation/webdriver/getting_started/install_drivers/">
      <![CDATA[java.lang.IllegalStateException: The path to the driver executable Unable to locate the geckodriver executable; for more information on how to install drivers, see https://www.selenium.dev/documentation/webdriver/getting_started/install_drivers/
at org.openqa.selenium.internal.Require$StateChecker.nonNull(Require.java:314)
at org.openqa.selenium.remote.service.DriverFinder.getPath(DriverFinder.java:33)
at org.openqa.selenium.firefox.FirefoxDriver.generateExecutor(FirefoxDriver.java:139)
at org.openqa.selenium.firefox.FirefoxDriver.<init>(FirefoxDriver.java:131)
at org.openqa.selenium.firefox.FirefoxDriver.<init>(FirefoxDriver.java:127)
at org.openqa.selenium.firefox.FirefoxDriver.<init>(FirefoxDriver.java:112)
at org.openqa.selenium.firefox.FirefoxDriver.<init>(FirefoxDriver.java:102)
at pgh.hms.generic.genericUtility.BaseClass.setUpBrowser(BaseClass.java:60)
at java.base/java.util.ArrayList.forEach(ArrayList.java:1511)
... Removed 25 stack frames]]>
    </failure>
  </testcase> <!-- @BeforeClass setUpBrowser -->
  <testcase classname="pgh.hms.generic.genericUtility.BaseClass" name="@BeforeMethod loginToApplicationAsAdmin" time="0.0">
    <skipped/>
  </testcase> <!-- @BeforeMethod loginToApplicationAsAdmin -->
  <testcase classname="pgh.hms.generic.genericUtility.BaseClass" name="@AfterMethod logoutToApplication" time="0.0">
    <skipped/>
  </testcase> <!-- @AfterMethod logoutToApplication -->
  <testcase classname="pgs.hms.testScripts.AddingDoctorTest" name="addingDoctorsAndSearchPatientsTest" time="0.0">
    <skipped/>
  </testcase> <!-- addingDoctorsAndSearchPatientsTest -->
  <testcase classname="pgs.hms.testScripts.AddingDoctorTest" name="addingDoctorsAndSearchPatientsTest" time="0.0">
    <skipped/>
  </testcase> <!-- addingDoctorsAndSearchPatientsTest -->
  <testcase classname="pgs.hms.testScripts.AddingDoctorTest" name="addingDoctorsAndSearchPatientsTest" time="0.0">
    <skipped/>
  </testcase> <!-- addingDoctorsAndSearchPatientsTest -->
  <testcase classname="pgs.hms.testScripts.AddingDoctorTest" name="addingDoctorsAndSearchPatientsTest" time="0.0">
    <skipped/>
  </testcase> <!-- addingDoctorsAndSearchPatientsTest -->
  <testcase classname="pgs.hms.testScripts.AddingDoctorTest" name="addingDoctorsAndSearchPatientsTest" time="0.0">
    <skipped/>
  </testcase> <!-- addingDoctorsAndSearchPatientsTest -->
  <testcase classname="pgs.hms.testScripts.AddingDoctorTest" name="addingDoctorsAndSearchPatientsTest" time="0.0">
    <skipped/>
  </testcase> <!-- addingDoctorsAndSearchPatientsTest -->
  <testcase classname="pgs.hms.testScripts.AddingDoctorTest" name="addingDoctorsAndSearchPatientsTest" time="0.0">
    <skipped/>
  </testcase> <!-- addingDoctorsAndSearchPatientsTest -->
  <testcase classname="pgs.hms.testScripts.ReportsPageTest" name="reportsTest" time="0.0">
    <skipped/>
  </testcase> <!-- reportsTest -->
  <testcase classname="pgh.hms.generic.genericUtility.BaseClass" name="@AfterSuite closeDB" time="0.0">
    <ignored/>
  </testcase> <!-- @AfterSuite closeDB -->
  <testcase classname="pgh.hms.generic.genericUtility.BaseClass" name="@BeforeSuite connectToDB" time="0.0">
    <ignored/>
  </testcase> <!-- @BeforeSuite connectToDB -->
</testsuite> <!-- Test -->
