<?xml version="1.0" encoding="UTF-8"?>
<testng-results ignored="1" total="1" passed="0" failed="0" skipped="0">
  <reporter-output>
    <line>
      <![CDATA[Data base is connected]]>
    </line>
    <line>
      <![CDATA[Data base is closing...]]>
    </line>
  </reporter-output>
  <suite started-at="2023-07-12T17:51:53 IST" name="Default suite" finished-at="2023-07-12T17:51:53 IST" duration-ms="11">
    <groups>
    </groups>
    <test started-at="2023-07-12T17:51:53 IST" name="Default test" finished-at="2023-07-12T17:51:53 IST" duration-ms="11">
      <class name="pgs.hms.testScripts.AddingDoctorTest">
        <test-method is-config="true" signature="connectToDB()[pri:0, instance:pgs.hms.testScripts.AddingDoctorTest@231f98ef]" started-at="2023-07-12T17:51:52 IST" name="connectToDB" finished-at="2023-07-12T17:51:53 IST" duration-ms="225" status="PASS">
          <reporter-output>
            <line>
              <![CDATA[Data base is connected]]>
            </line>
          </reporter-output>
        </test-method> <!-- connectToDB -->
        <test-method is-config="true" signature="closeDB()[pri:0, instance:pgs.hms.testScripts.AddingDoctorTest@231f98ef]" started-at="2023-07-12T17:51:53 IST" name="closeDB" finished-at="2023-07-12T17:51:53 IST" duration-ms="0" status="PASS">
          <reporter-output>
            <line>
              <![CDATA[Data base is closing...]]>
            </line>
          </reporter-output>
        </test-method> <!-- closeDB -->
      </class> <!-- pgs.hms.testScripts.AddingDoctorTest -->
    </test> <!-- Default test -->
  </suite> <!-- Default suite -->
</testng-results>
