<?xml version="1.0" encoding="UTF-8"?>
<testng-results retried="3" ignored="4" total="10" passed="3" failed="0" skipped="0">
  <reporter-output>
    <line>
      <![CDATA[Data base is connected]]>
    </line>
    <line>
      <![CDATA[Firefox is connected]]>
    </line>
    <line>
      <![CDATA[Firefox is connected]]>
    </line>
    <line>
      <![CDATA[Firefox is connected]]>
    </line>
    <line>
      <![CDATA[Logged in as Admin.....]]>
    </line>
    <line>
      <![CDATA[Logged in as Admin.....]]>
    </line>
    <line>
      <![CDATA[Logged in as Admin.....]]>
    </line>
    <line>
      <![CDATA[Logged in as Doctor.....]]>
    </line>
    <line>
      <![CDATA[Loggiing out ....]]>
    </line>
    <line>
      <![CDATA[Logged in as Admin.....]]>
    </line>
    <line>
      <![CDATA[Logging Out as Patient....]]>
    </line>
    <line>
      <![CDATA[Loggiing out ....]]>
    </line>
    <line>
      <![CDATA[Log in Doctors....]]>
    </line>
    <line>
      <![CDATA[Patient is create  ---> PASS]]>
    </line>
    <line>
      <![CDATA[Loggin out as Doctor]]>
    </line>
    <line>
      <![CDATA[Logged in as Admin.....]]>
    </line>
    <line>
      <![CDATA[Patient is create  ---> PASS]]>
    </line>
    <line>
      <![CDATA[Logging Out as Doctor....]]>
    </line>
    <line>
      <![CDATA[Loggiing out ....]]>
    </line>
    <line>
      <![CDATA[Loggiing out ....]]>
    </line>
    <line>
      <![CDATA[Logged in as Admin.....]]>
    </line>
    <line>
      <![CDATA[Logged in as Doctor.....]]>
    </line>
    <line>
      <![CDATA[Browser is closing...]]>
    </line>
    <line>
      <![CDATA[Loggiing out ....]]>
    </line>
    <line>
      <![CDATA[Logged in as Admin.....]]>
    </line>
    <line>
      <![CDATA[Patient is create  ---> PASS]]>
    </line>
    <line>
      <![CDATA[Loggin out as Doctor]]>
    </line>
    <line>
      <![CDATA[Browser is closing...]]>
    </line>
    <line>
      <![CDATA[Loggiing out ....]]>
    </line>
    <line>
      <![CDATA[Browser is closing...]]>
    </line>
    <line>
      <![CDATA[Data base is closing...]]>
    </line>
  </reporter-output>
  <suite started-at="2023-07-07T17:43:50 IST" name="Suite" finished-at="2023-07-07T17:44:31 IST" duration-ms="40296">
    <groups>
      <group name="regressionTest">
        <method signature="PatientTest.integrationBetweenDoctorAndPateintTest()[pri:0, instance:pgs.hms.testScripts.PatientTest@451001e5]" name="integrationBetweenDoctorAndPateintTest" class="pgs.hms.testScripts.PatientTest"/>
        <method signature="ReportsPageTest.reportsTest()[pri:0, instance:pgs.hms.testScripts.ReportsPageTest@4a003cbe]" name="reportsTest" class="pgs.hms.testScripts.ReportsPageTest"/>
      </group> <!-- regressionTest -->
      <group name="smokeTest">
        <method signature="ManagePatientTestUpdated.ManagPatientHistoryTest(java.lang.String,java.lang.String,java.lang.String,java.lang.String,java.lang.String)[pri:0, instance:pgs.hms.testScripts.ManagePatientTestUpdated@4082ba93]" name="ManagPatientHistoryTest" class="pgs.hms.testScripts.ManagePatientTestUpdated"/>
        <method signature="ReportsPageTest.reportsTest()[pri:0, instance:pgs.hms.testScripts.ReportsPageTest@4a003cbe]" name="reportsTest" class="pgs.hms.testScripts.ReportsPageTest"/>
      </group> <!-- smokeTest -->
    </groups>
    <test started-at="2023-07-07T17:43:50 IST" name="Test" finished-at="2023-07-07T17:44:31 IST" duration-ms="40296">
      <class name="pgs.hms.testScripts.ReportsPageTest">
        <test-method is-config="true" signature="setUpBrowser()[pri:0, instance:pgs.hms.testScripts.ReportsPageTest@4a003cbe]" started-at="2023-07-07T17:43:50 IST" name="setUpBrowser" finished-at="2023-07-07T17:43:57 IST" duration-ms="6397" status="PASS">
          <reporter-output>
            <line>
              <![CDATA[Firefox is connected]]>
            </line>
          </reporter-output>
        </test-method> <!-- setUpBrowser -->
        <test-method is-config="true" signature="loginToApplicationAsAdmin()[pri:0, instance:pgs.hms.testScripts.ReportsPageTest@4a003cbe]" started-at="2023-07-07T17:43:57 IST" name="loginToApplicationAsAdmin" finished-at="2023-07-07T17:43:58 IST" duration-ms="1480" status="PASS">
          <reporter-output>
            <line>
              <![CDATA[Logged in as Admin.....]]>
            </line>
          </reporter-output>
        </test-method> <!-- loginToApplicationAsAdmin -->
        <test-method retried="true" signature="reportsTest()[pri:0, instance:pgs.hms.testScripts.ReportsPageTest@4a003cbe]" started-at="2023-07-07T17:43:58 IST" name="reportsTest" finished-at="2023-07-07T17:44:00 IST" duration-ms="2135" status="SKIP">
          <exception class="java.lang.AssertionError">
            <message>
              <![CDATA[null]]>
            </message>
            <full-stacktrace>
              <![CDATA[java.lang.AssertionError: null
at org.testng.Assert.fail(Assert.java:110)
at org.testng.Assert.fail(Assert.java:115)
at pgs.hms.testScripts.ReportsPageTest.reportsTest(ReportsPageTest.java:52)
at java.base/jdk.internal.reflect.NativeMethodAccessorImpl.invoke0(Native Method)
at java.base/jdk.internal.reflect.NativeMethodAccessorImpl.invoke(NativeMethodAccessorImpl.java:77)
at java.base/jdk.internal.reflect.DelegatingMethodAccessorImpl.invoke(DelegatingMethodAccessorImpl.java:43)
at java.base/java.lang.reflect.Method.invoke(Method.java:568)
at org.testng.internal.invokers.MethodInvocationHelper.invokeMethod(MethodInvocationHelper.java:139)
at org.testng.internal.invokers.TestInvoker.invokeMethod(TestInvoker.java:677)
at org.testng.internal.invokers.TestInvoker.invokeTestMethod(TestInvoker.java:221)
at org.testng.internal.invokers.MethodRunner.runInSequence(MethodRunner.java:50)
at org.testng.internal.invokers.TestInvoker$MethodInvocationAgent.invoke(TestInvoker.java:969)
at org.testng.internal.invokers.TestInvoker.invokeTestMethods(TestInvoker.java:194)
at org.testng.internal.invokers.TestMethodWorker.invokeTestMethods(TestMethodWorker.java:148)
at org.testng.internal.invokers.TestMethodWorker.run(TestMethodWorker.java:128)
at java.base/java.util.concurrent.ThreadPoolExecutor.runWorker(ThreadPoolExecutor.java:1136)
at java.base/java.util.concurrent.ThreadPoolExecutor$Worker.run(ThreadPoolExecutor.java:635)
at java.base/java.lang.Thread.run(Thread.java:833)
]]>
            </full-stacktrace>
          </exception> <!-- java.lang.AssertionError -->
          <reporter-output>
          </reporter-output>
        </test-method> <!-- reportsTest -->
        <test-method is-config="true" signature="logoutToApplication()[pri:0, instance:pgs.hms.testScripts.ReportsPageTest@4a003cbe]" started-at="2023-07-07T17:44:00 IST" name="logoutToApplication" finished-at="2023-07-07T17:44:01 IST" duration-ms="664" status="PASS">
          <reporter-output>
            <line>
              <![CDATA[Loggiing out ....]]>
            </line>
          </reporter-output>
        </test-method> <!-- logoutToApplication -->
        <test-method is-config="true" signature="loginToApplicationAsAdmin()[pri:0, instance:pgs.hms.testScripts.ReportsPageTest@4a003cbe]" started-at="2023-07-07T17:44:01 IST" name="loginToApplicationAsAdmin" finished-at="2023-07-07T17:44:02 IST" duration-ms="512" status="PASS">
          <reporter-output>
            <line>
              <![CDATA[Logged in as Admin.....]]>
            </line>
          </reporter-output>
        </test-method> <!-- loginToApplicationAsAdmin -->
        <test-method retried="true" signature="reportsTest()[pri:0, instance:pgs.hms.testScripts.ReportsPageTest@4a003cbe]" started-at="2023-07-07T17:44:02 IST" name="reportsTest" finished-at="2023-07-07T17:44:03 IST" duration-ms="1346" status="SKIP">
          <exception class="java.lang.AssertionError">
            <message>
              <![CDATA[null]]>
            </message>
            <full-stacktrace>
              <![CDATA[java.lang.AssertionError: null
at org.testng.Assert.fail(Assert.java:110)
at org.testng.Assert.fail(Assert.java:115)
at pgs.hms.testScripts.ReportsPageTest.reportsTest(ReportsPageTest.java:52)
at java.base/jdk.internal.reflect.NativeMethodAccessorImpl.invoke0(Native Method)
at java.base/jdk.internal.reflect.NativeMethodAccessorImpl.invoke(NativeMethodAccessorImpl.java:77)
at java.base/jdk.internal.reflect.DelegatingMethodAccessorImpl.invoke(DelegatingMethodAccessorImpl.java:43)
at java.base/java.lang.reflect.Method.invoke(Method.java:568)
at org.testng.internal.invokers.MethodInvocationHelper.invokeMethod(MethodInvocationHelper.java:139)
at org.testng.internal.invokers.TestInvoker.invokeMethod(TestInvoker.java:677)
at org.testng.internal.invokers.TestInvoker.retryFailed(TestInvoker.java:263)
at org.testng.internal.invokers.MethodRunner.runInSequence(MethodRunner.java:62)
at org.testng.internal.invokers.TestInvoker$MethodInvocationAgent.invoke(TestInvoker.java:969)
at org.testng.internal.invokers.TestInvoker.invokeTestMethods(TestInvoker.java:194)
at org.testng.internal.invokers.TestMethodWorker.invokeTestMethods(TestMethodWorker.java:148)
at org.testng.internal.invokers.TestMethodWorker.run(TestMethodWorker.java:128)
at java.base/java.util.concurrent.ThreadPoolExecutor.runWorker(ThreadPoolExecutor.java:1136)
at java.base/java.util.concurrent.ThreadPoolExecutor$Worker.run(ThreadPoolExecutor.java:635)
at java.base/java.lang.Thread.run(Thread.java:833)
]]>
            </full-stacktrace>
          </exception> <!-- java.lang.AssertionError -->
          <reporter-output>
          </reporter-output>
        </test-method> <!-- reportsTest -->
        <test-method is-config="true" signature="logoutToApplication()[pri:0, instance:pgs.hms.testScripts.ReportsPageTest@4a003cbe]" started-at="2023-07-07T17:44:03 IST" name="logoutToApplication" finished-at="2023-07-07T17:44:04 IST" duration-ms="665" status="PASS">
          <reporter-output>
            <line>
              <![CDATA[Loggiing out ....]]>
            </line>
          </reporter-output>
        </test-method> <!-- logoutToApplication -->
        <test-method is-config="true" signature="loginToApplicationAsAdmin()[pri:0, instance:pgs.hms.testScripts.ReportsPageTest@4a003cbe]" started-at="2023-07-07T17:44:04 IST" name="loginToApplicationAsAdmin" finished-at="2023-07-07T17:44:04 IST" duration-ms="731" status="PASS">
          <reporter-output>
            <line>
              <![CDATA[Logged in as Admin.....]]>
            </line>
          </reporter-output>
        </test-method> <!-- loginToApplicationAsAdmin -->
        <test-method retried="true" signature="reportsTest()[pri:0, instance:pgs.hms.testScripts.ReportsPageTest@4a003cbe]" started-at="2023-07-07T17:44:04 IST" name="reportsTest" finished-at="2023-07-07T17:44:06 IST" duration-ms="1697" status="SKIP">
          <exception class="java.lang.AssertionError">
            <message>
              <![CDATA[null]]>
            </message>
            <full-stacktrace>
              <![CDATA[java.lang.AssertionError: null
at org.testng.Assert.fail(Assert.java:110)
at org.testng.Assert.fail(Assert.java:115)
at pgs.hms.testScripts.ReportsPageTest.reportsTest(ReportsPageTest.java:52)
at java.base/jdk.internal.reflect.NativeMethodAccessorImpl.invoke0(Native Method)
at java.base/jdk.internal.reflect.NativeMethodAccessorImpl.invoke(NativeMethodAccessorImpl.java:77)
at java.base/jdk.internal.reflect.DelegatingMethodAccessorImpl.invoke(DelegatingMethodAccessorImpl.java:43)
at java.base/java.lang.reflect.Method.invoke(Method.java:568)
at org.testng.internal.invokers.MethodInvocationHelper.invokeMethod(MethodInvocationHelper.java:139)
at org.testng.internal.invokers.TestInvoker.invokeMethod(TestInvoker.java:677)
at org.testng.internal.invokers.TestInvoker.retryFailed(TestInvoker.java:263)
at org.testng.internal.invokers.MethodRunner.runInSequence(MethodRunner.java:62)
at org.testng.internal.invokers.TestInvoker$MethodInvocationAgent.invoke(TestInvoker.java:969)
at org.testng.internal.invokers.TestInvoker.invokeTestMethods(TestInvoker.java:194)
at org.testng.internal.invokers.TestMethodWorker.invokeTestMethods(TestMethodWorker.java:148)
at org.testng.internal.invokers.TestMethodWorker.run(TestMethodWorker.java:128)
at java.base/java.util.concurrent.ThreadPoolExecutor.runWorker(ThreadPoolExecutor.java:1136)
at java.base/java.util.concurrent.ThreadPoolExecutor$Worker.run(ThreadPoolExecutor.java:635)
at java.base/java.lang.Thread.run(Thread.java:833)
]]>
            </full-stacktrace>
          </exception> <!-- java.lang.AssertionError -->
          <reporter-output>
          </reporter-output>
        </test-method> <!-- reportsTest -->
        <test-method is-config="true" signature="logoutToApplication()[pri:0, instance:pgs.hms.testScripts.ReportsPageTest@4a003cbe]" started-at="2023-07-07T17:44:06 IST" name="logoutToApplication" finished-at="2023-07-07T17:44:07 IST" duration-ms="711" status="PASS">
          <reporter-output>
            <line>
              <![CDATA[Loggiing out ....]]>
            </line>
          </reporter-output>
        </test-method> <!-- logoutToApplication -->
        <test-method is-config="true" signature="loginToApplicationAsAdmin()[pri:0, instance:pgs.hms.testScripts.ReportsPageTest@4a003cbe]" started-at="2023-07-07T17:44:07 IST" name="loginToApplicationAsAdmin" finished-at="2023-07-07T17:44:07 IST" duration-ms="458" status="PASS">
          <reporter-output>
            <line>
              <![CDATA[Logged in as Admin.....]]>
            </line>
          </reporter-output>
        </test-method> <!-- loginToApplicationAsAdmin -->
        <test-method is-config="true" signature="closeBrowser()[pri:0, instance:pgs.hms.testScripts.ReportsPageTest@4a003cbe]" started-at="2023-07-07T17:44:08 IST" name="closeBrowser" finished-at="2023-07-07T17:44:09 IST" duration-ms="994" status="PASS">
          <reporter-output>
            <line>
              <![CDATA[Browser is closing...]]>
            </line>
          </reporter-output>
        </test-method> <!-- closeBrowser -->
      </class> <!-- pgs.hms.testScripts.ReportsPageTest -->
      <class name="pgs.hms.testScripts.PatientTest">
        <test-method is-config="true" signature="connectToDB()[pri:0, instance:pgs.hms.testScripts.PatientTest@451001e5]" started-at="2023-07-07T17:43:50 IST" name="connectToDB" finished-at="2023-07-07T17:43:50 IST" duration-ms="286" status="PASS">
          <reporter-output>
            <line>
              <![CDATA[Data base is connected]]>
            </line>
          </reporter-output>
        </test-method> <!-- connectToDB -->
        <test-method is-config="true" signature="setUpBrowser()[pri:0, instance:pgs.hms.testScripts.PatientTest@451001e5]" started-at="2023-07-07T17:43:50 IST" name="setUpBrowser" finished-at="2023-07-07T17:43:57 IST" duration-ms="6397" status="PASS">
          <reporter-output>
            <line>
              <![CDATA[Firefox is connected]]>
            </line>
          </reporter-output>
        </test-method> <!-- setUpBrowser -->
        <test-method is-config="true" signature="loginToApplicationAsAdmin()[pri:0, instance:pgs.hms.testScripts.PatientTest@451001e5]" started-at="2023-07-07T17:43:57 IST" name="loginToApplicationAsAdmin" finished-at="2023-07-07T17:43:58 IST" duration-ms="1490" status="PASS">
          <reporter-output>
            <line>
              <![CDATA[Logged in as Admin.....]]>
            </line>
          </reporter-output>
        </test-method> <!-- loginToApplicationAsAdmin -->
        <test-method signature="integrationBetweenDoctorAndPateintTest()[pri:0, instance:pgs.hms.testScripts.PatientTest@451001e5]" started-at="2023-07-07T17:43:58 IST" name="integrationBetweenDoctorAndPateintTest" finished-at="2023-07-07T17:44:04 IST" duration-ms="6067" status="PASS">
          <reporter-output>
            <line>
              <![CDATA[Logging Out as Patient....]]>
            </line>
            <line>
              <![CDATA[Log in Doctors....]]>
            </line>
            <line>
              <![CDATA[Patient is create  ---> PASS]]>
            </line>
            <line>
              <![CDATA[Logging Out as Doctor....]]>
            </line>
          </reporter-output>
        </test-method> <!-- integrationBetweenDoctorAndPateintTest -->
        <test-method is-config="true" signature="logoutToApplication()[pri:0, instance:pgs.hms.testScripts.PatientTest@451001e5]" started-at="2023-07-07T17:44:04 IST" name="logoutToApplication" finished-at="2023-07-07T17:44:05 IST" duration-ms="397" status="PASS">
          <reporter-output>
            <line>
              <![CDATA[Loggiing out ....]]>
            </line>
          </reporter-output>
        </test-method> <!-- logoutToApplication -->
        <test-method is-config="true" signature="closeBrowser()[pri:0, instance:pgs.hms.testScripts.PatientTest@451001e5]" started-at="2023-07-07T17:44:05 IST" name="closeBrowser" finished-at="2023-07-07T17:44:07 IST" duration-ms="1849" status="PASS">
          <reporter-output>
            <line>
              <![CDATA[Browser is closing...]]>
            </line>
          </reporter-output>
        </test-method> <!-- closeBrowser -->
        <test-method is-config="true" signature="closeDB()[pri:0, instance:pgs.hms.testScripts.PatientTest@451001e5]" started-at="2023-07-07T17:44:31 IST" name="closeDB" finished-at="2023-07-07T17:44:31 IST" duration-ms="0" status="PASS">
          <reporter-output>
            <line>
              <![CDATA[Data base is closing...]]>
            </line>
          </reporter-output>
        </test-method> <!-- closeDB -->
      </class> <!-- pgs.hms.testScripts.PatientTest -->
      <class name="pgs.hms.testScripts.ManagePatientTestUpdated">
        <test-method is-config="true" signature="setUpBrowser()[pri:0, instance:pgs.hms.testScripts.ManagePatientTestUpdated@4082ba93]" started-at="2023-07-07T17:43:50 IST" name="setUpBrowser" finished-at="2023-07-07T17:43:57 IST" duration-ms="6397" status="PASS">
          <reporter-output>
            <line>
              <![CDATA[Firefox is connected]]>
            </line>
          </reporter-output>
        </test-method> <!-- setUpBrowser -->
        <test-method is-config="true" signature="loginToApplicationAsAdmin()[pri:0, instance:pgs.hms.testScripts.ManagePatientTestUpdated@4082ba93]" started-at="2023-07-07T17:43:58 IST" name="loginToApplicationAsAdmin" finished-at="2023-07-07T17:44:00 IST" duration-ms="1117" status="PASS">
          <reporter-output>
            <line>
              <![CDATA[Logged in as Admin.....]]>
            </line>
          </reporter-output>
        </test-method> <!-- loginToApplicationAsAdmin -->
        <test-method signature="ManagPatientHistoryTest(java.lang.String,java.lang.String,java.lang.String,java.lang.String,java.lang.String)[pri:0, instance:pgs.hms.testScripts.ManagePatientTestUpdated@4082ba93]" started-at="2023-07-07T17:44:00 IST" name="ManagPatientHistoryTest" data-provider="Medical History" finished-at="2023-07-07T17:44:04 IST" duration-ms="4712" status="PASS">
          <params>
            <param index="0">
              <value>
                <![CDATA[120]]>
              </value>
            </param>
            <param index="1">
              <value>
                <![CDATA[90]]>
              </value>
            </param>
            <param index="2">
              <value>
                <![CDATA[76]]>
              </value>
            </param>
            <param index="3">
              <value>
                <![CDATA[101]]>
              </value>
            </param>
            <param index="4">
              <value>
                <![CDATA[Dolo 65]]>
              </value>
            </param>
          </params>
          <reporter-output>
            <line>
              <![CDATA[Logged in as Doctor.....]]>
            </line>
            <line>
              <![CDATA[Patient is create  ---> PASS]]>
            </line>
            <line>
              <![CDATA[Loggin out as Doctor]]>
            </line>
          </reporter-output>
        </test-method> <!-- ManagPatientHistoryTest -->
        <test-method is-config="true" signature="logoutToApplication()[pri:0, instance:pgs.hms.testScripts.ManagePatientTestUpdated@4082ba93]" started-at="2023-07-07T17:44:04 IST" name="logoutToApplication" finished-at="2023-07-07T17:44:05 IST" duration-ms="428" status="PASS">
          <reporter-output>
            <line>
              <![CDATA[Loggiing out ....]]>
            </line>
          </reporter-output>
        </test-method> <!-- logoutToApplication -->
        <test-method is-config="true" signature="loginToApplicationAsAdmin()[pri:0, instance:pgs.hms.testScripts.ManagePatientTestUpdated@4082ba93]" started-at="2023-07-07T17:44:05 IST" name="loginToApplicationAsAdmin" finished-at="2023-07-07T17:44:05 IST" duration-ms="634" status="PASS">
          <reporter-output>
            <line>
              <![CDATA[Logged in as Admin.....]]>
            </line>
          </reporter-output>
        </test-method> <!-- loginToApplicationAsAdmin -->
        <test-method signature="ManagPatientHistoryTest(java.lang.String,java.lang.String,java.lang.String,java.lang.String,java.lang.String)[pri:0, instance:pgs.hms.testScripts.ManagePatientTestUpdated@4082ba93]" started-at="2023-07-07T17:44:05 IST" name="ManagPatientHistoryTest" data-provider="Medical History" finished-at="2023-07-07T17:44:09 IST" duration-ms="3924" status="PASS">
          <params>
            <param index="0">
              <value>
                <![CDATA[140]]>
              </value>
            </param>
            <param index="1">
              <value>
                <![CDATA[70]]>
              </value>
            </param>
            <param index="2">
              <value>
                <![CDATA[67]]>
              </value>
            </param>
            <param index="3">
              <value>
                <![CDATA[99]]>
              </value>
            </param>
            <param index="4">
              <value>
                <![CDATA[Durex]]>
              </value>
            </param>
          </params>
          <reporter-output>
            <line>
              <![CDATA[Logged in as Doctor.....]]>
            </line>
            <line>
              <![CDATA[Patient is create  ---> PASS]]>
            </line>
            <line>
              <![CDATA[Loggin out as Doctor]]>
            </line>
          </reporter-output>
        </test-method> <!-- ManagPatientHistoryTest -->
        <test-method is-config="true" signature="logoutToApplication()[pri:0, instance:pgs.hms.testScripts.ManagePatientTestUpdated@4082ba93]" started-at="2023-07-07T17:44:09 IST" name="logoutToApplication" finished-at="2023-07-07T17:44:30 IST" duration-ms="20594" status="PASS">
          <reporter-output>
            <line>
              <![CDATA[Loggiing out ....]]>
            </line>
          </reporter-output>
        </test-method> <!-- logoutToApplication -->
        <test-method is-config="true" signature="closeBrowser()[pri:0, instance:pgs.hms.testScripts.ManagePatientTestUpdated@4082ba93]" started-at="2023-07-07T17:44:30 IST" name="closeBrowser" finished-at="2023-07-07T17:44:31 IST" duration-ms="903" status="PASS">
          <reporter-output>
            <line>
              <![CDATA[Browser is closing...]]>
            </line>
          </reporter-output>
        </test-method> <!-- closeBrowser -->
      </class> <!-- pgs.hms.testScripts.ManagePatientTestUpdated -->
    </test> <!-- Test -->
  </suite> <!-- Suite -->
</testng-results>
